<?xml version="1.0" encoding="UTF-8"?>
<!-- Generated by org.testng.reporters.JUnitReportReporter -->
<testsuite skipped="0" hostname="LAPTOP-TO602G7N" name="UTIL.Browser" tests="1" failures="0" timestamp="2020-10-31T11:45:25 CDT" time="21.426" errors="0">
  <testcase name="LaunchBrowser" time="21.426" classname="UTIL.Browser"/>
  <system-out/>
</testsuite> <!-- UTIL.Browser -->
